<?xml version="1.0" encoding="UTF-8"?>
<testsuite xmlns:xsi="http://www.w3.org/2001/XMLSchema-instance" xsi:noNamespaceSchemaLocation="https://maven.apache.org/surefire/maven-surefire-plugin/xsd/surefire-test-report-3.0.xsd" version="3.0" name="HumanVerificationTest" time="0.114" tests="9" errors="0" skipped="0" failures="0">
  <properties>
[...]
</properties>
  <testcase name="testMultiplication(int, int, int)[1]" classname="HumanVerificationTest" time="0.039"/>
  <testcase name="testMultiplication(int, int, int)[2]" classname="HumanVerificationTest" time="0"/>
  <testcase name="testMultiplication(int, int, int)[3]" classname="HumanVerificationTest" time="0.001"/>
  <testcase name="testAddition(int, int, int)[1]" classname="HumanVerificationTest" time="0.001"/>
  <testcase name="testAddition(int, int, int)[2]" classname="HumanVerificationTest" time="0.002"/>
  <testcase name="testAddition(int, int, int)[3]" classname="HumanVerificationTest" time="0.001"/>
  <testcase name="testSubtraction(int, int, int)[1]" classname="HumanVerificationTest" time="0"/>
  <testcase name="testSubtraction(int, int, int)[2]" classname="HumanVerificationTest" time="0.001"/>
  <testcase name="testSubtraction(int, int, int)[3]" classname="HumanVerificationTest" time="0"/>
</testsuite>