<?xml version="1.0" encoding="UTF-8"?>
<testsuite xmlns:xsi="http://www.w3.org/2001/XMLSchema-instance" xsi:noNamespaceSchemaLocation="https://maven.apache.org/surefire/maven-surefire-plugin/xsd/surefire-test-report-3.0.xsd" version="3.0" name="UserTest" time="0.102" tests="10" errors="0" skipped="0" failures="0">
  <properties>
[...]
</properties>
  <testcase name="testFindUserByUsername(String, boolean)[1]" classname="UserTest" time="0.034"/>
  <testcase name="testFindUserByUsername(String, boolean)[2]" classname="UserTest" time="0.001"/>
  <testcase name="testFindUserByUsername(String, boolean)[3]" classname="UserTest" time="0.001"/>
  <testcase name="testAddNewUser" classname="UserTest" time="0.008"/>
  <testcase name="testAddUserWithEmptyUsername" classname="UserTest" time="0.003"/>
  <testcase name="testAddUserWithNullUsername" classname="UserTest" time="0.001"/>
  <testcase name="testAddNullUser" classname="UserTest" time="0"/>
  <testcase name="testFindUserById(int, boolean)[1]" classname="UserTest" time="0.001"/>
  <testcase name="testFindUserById(int, boolean)[2]" classname="UserTest" time="0.001"/>
  <testcase name="testFindUserById(int, boolean)[3]" classname="UserTest" time="0.001"/>
</testsuite>